Checking whether the ASM compiler is GNU using "--version" did not match "(GNU assembler)|(GCC)|(Free Software Foundation)":
Ubuntu clang version 14.0.0-1ubuntu1.1
Target: x86_64-pc-linux-gnu
Thread model: posix
InstalledDir: /usr/bin
Determining if the include file valgrind/valgrind.h exists failed with the following output:
Change Dir: /home/xm/Graduation/llvm-project/mlir/build/CMakeFiles/CMakeTmp

Run Build Command(s):/usr/bin/ninja cmTC_1dba0 && [1/2] Building C object CMakeFiles/cmTC_1dba0.dir/CheckIncludeFile.c.o
FAILED: CMakeFiles/cmTC_1dba0.dir/CheckIncludeFile.c.o 
/usr/bin/clang -D_GNU_SOURCE  -O3 -DNDEBUG -MD -MT CMakeFiles/cmTC_1dba0.dir/CheckIncludeFile.c.o -MF CMakeFiles/cmTC_1dba0.dir/CheckIncludeFile.c.o.d -o CMakeFiles/cmTC_1dba0.dir/CheckIncludeFile.c.o -c /home/xm/Graduation/llvm-project/mlir/build/CMakeFiles/CMakeTmp/CheckIncludeFile.c
/home/xm/Graduation/llvm-project/mlir/build/CMakeFiles/CMakeTmp/CheckIncludeFile.c:1:10: fatal error: 'valgrind/valgrind.h' file not found
#include <valgrind/valgrind.h>
         ^~~~~~~~~~~~~~~~~~~~~
1 error generated.
ninja: build stopped: subcommand failed.



Determining if the include file CrashReporterClient.h exists failed with the following output:
Change Dir: /home/xm/Graduation/llvm-project/mlir/build/CMakeFiles/CMakeTmp

Run Build Command(s):/usr/bin/ninja cmTC_bda0e && [1/2] Building C object CMakeFiles/cmTC_bda0e.dir/CheckIncludeFile.c.o
FAILED: CMakeFiles/cmTC_bda0e.dir/CheckIncludeFile.c.o 
/usr/bin/clang -D_GNU_SOURCE  -O3 -DNDEBUG -MD -MT CMakeFiles/cmTC_bda0e.dir/CheckIncludeFile.c.o -MF CMakeFiles/cmTC_bda0e.dir/CheckIncludeFile.c.o.d -o CMakeFiles/cmTC_bda0e.dir/CheckIncludeFile.c.o -c /home/xm/Graduation/llvm-project/mlir/build/CMakeFiles/CMakeTmp/CheckIncludeFile.c
/home/xm/Graduation/llvm-project/mlir/build/CMakeFiles/CMakeTmp/CheckIncludeFile.c:1:10: fatal error: 'CrashReporterClient.h' file not found
#include <CrashReporterClient.h>
         ^~~~~~~~~~~~~~~~~~~~~~~
1 error generated.
ninja: build stopped: subcommand failed.



Determining if the function pfm_initialize exists in the pfm failed with the following output:
Change Dir: /home/xm/Graduation/llvm-project/mlir/build/CMakeFiles/CMakeTmp

Run Build Command(s):/usr/bin/ninja cmTC_44de5 && [1/2] Building C object CMakeFiles/cmTC_44de5.dir/CheckFunctionExists.c.o
[2/2] Linking C executable cmTC_44de5
FAILED: cmTC_44de5 
: && /usr/bin/clang -DCHECK_FUNCTION_EXISTS=pfm_initialize -O3 -DNDEBUG  CMakeFiles/cmTC_44de5.dir/CheckFunctionExists.c.o -o cmTC_44de5  -lpfm  -lm && :
/usr/bin/ld: cannot find -lpfm: No such file or directory
clang: error: linker command failed with exit code 1 (use -v to see invocation)
ninja: build stopped: subcommand failed.



Determining if the arc4random exist failed with the following output:
Change Dir: /home/xm/Graduation/llvm-project/mlir/build/CMakeFiles/CMakeTmp

Run Build Command(s):/usr/bin/ninja cmTC_1923a && [1/2] Building C object CMakeFiles/cmTC_1923a.dir/CheckSymbolExists.c.o
FAILED: CMakeFiles/cmTC_1923a.dir/CheckSymbolExists.c.o 
/usr/bin/clang -D_GNU_SOURCE  -O3 -DNDEBUG -MD -MT CMakeFiles/cmTC_1923a.dir/CheckSymbolExists.c.o -MF CMakeFiles/cmTC_1923a.dir/CheckSymbolExists.c.o.d -o CMakeFiles/cmTC_1923a.dir/CheckSymbolExists.c.o -c /home/xm/Graduation/llvm-project/mlir/build/CMakeFiles/CMakeTmp/CheckSymbolExists.c
/home/xm/Graduation/llvm-project/mlir/build/CMakeFiles/CMakeTmp/CheckSymbolExists.c:8:19: error: use of undeclared identifier 'arc4random'; did you mean 'srandom'?
  return ((int*)(&arc4random))[argc];
                  ^~~~~~~~~~
                  srandom
/usr/include/stdlib.h:405:13: note: 'srandom' declared here
extern void srandom (unsigned int __seed) __THROW;
            ^
1 error generated.
ninja: build stopped: subcommand failed.


File /home/xm/Graduation/llvm-project/mlir/build/CMakeFiles/CMakeTmp/CheckSymbolExists.c:
/* */
#include <stdlib.h>

int main(int argc, char** argv)
{
  (void)argv;
#ifndef arc4random
  return ((int*)(&arc4random))[argc];
#else
  (void)argc;
  return 0;
#endif
}
Determining if the __unw_add_dynamic_fde exist failed with the following output:
Change Dir: /home/xm/Graduation/llvm-project/mlir/build/CMakeFiles/CMakeTmp

Run Build Command(s):/usr/bin/ninja cmTC_99efc && [1/2] Building C object CMakeFiles/cmTC_99efc.dir/CheckSymbolExists.c.o
[2/2] Linking C executable cmTC_99efc
FAILED: cmTC_99efc 
: && /usr/bin/clang -Werror=unguarded-availability-new -O3 -DNDEBUG  CMakeFiles/cmTC_99efc.dir/CheckSymbolExists.c.o -o cmTC_99efc  -lm && :
/usr/bin/ld: CMakeFiles/cmTC_99efc.dir/CheckSymbolExists.c.o: in function `main':
CheckSymbolExists.c:(.text+0x6): undefined reference to `__unw_add_dynamic_fde'
clang: error: linker command failed with exit code 1 (use -v to see invocation)
ninja: build stopped: subcommand failed.


File /home/xm/Graduation/llvm-project/mlir/build/CMakeFiles/CMakeTmp/CheckSymbolExists.c:
/* */
#include </home/xm/Graduation/llvm-project/llvm/cmake/unwind.h>

int main(int argc, char** argv)
{
  (void)argv;
#ifndef __unw_add_dynamic_fde
  return ((int*)(&__unw_add_dynamic_fde))[argc];
#else
  (void)argc;
  return 0;
#endif
}
Determining if the mallctl exist failed with the following output:
Change Dir: /home/xm/Graduation/llvm-project/mlir/build/CMakeFiles/CMakeTmp

Run Build Command(s):/usr/bin/ninja cmTC_4f5a4 && [1/2] Building C object CMakeFiles/cmTC_4f5a4.dir/CheckSymbolExists.c.o
FAILED: CMakeFiles/cmTC_4f5a4.dir/CheckSymbolExists.c.o 
/usr/bin/clang -D_GNU_SOURCE  -Werror=unguarded-availability-new -O3 -DNDEBUG -MD -MT CMakeFiles/cmTC_4f5a4.dir/CheckSymbolExists.c.o -MF CMakeFiles/cmTC_4f5a4.dir/CheckSymbolExists.c.o.d -o CMakeFiles/cmTC_4f5a4.dir/CheckSymbolExists.c.o -c /home/xm/Graduation/llvm-project/mlir/build/CMakeFiles/CMakeTmp/CheckSymbolExists.c
/home/xm/Graduation/llvm-project/mlir/build/CMakeFiles/CMakeTmp/CheckSymbolExists.c:2:10: fatal error: 'malloc_np.h' file not found
#include <malloc_np.h>
         ^~~~~~~~~~~~~
1 error generated.
ninja: build stopped: subcommand failed.


File /home/xm/Graduation/llvm-project/mlir/build/CMakeFiles/CMakeTmp/CheckSymbolExists.c:
/* */
#include <malloc_np.h>

int main(int argc, char** argv)
{
  (void)argv;
#ifndef mallctl
  return ((int*)(&mallctl))[argc];
#else
  (void)argc;
  return 0;
#endif
}
Determining if the malloc_zone_statistics exist failed with the following output:
Change Dir: /home/xm/Graduation/llvm-project/mlir/build/CMakeFiles/CMakeTmp

Run Build Command(s):/usr/bin/ninja cmTC_2a677 && [1/2] Building C object CMakeFiles/cmTC_2a677.dir/CheckSymbolExists.c.o
FAILED: CMakeFiles/cmTC_2a677.dir/CheckSymbolExists.c.o 
/usr/bin/clang -D_GNU_SOURCE  -Werror=unguarded-availability-new -O3 -DNDEBUG -MD -MT CMakeFiles/cmTC_2a677.dir/CheckSymbolExists.c.o -MF CMakeFiles/cmTC_2a677.dir/CheckSymbolExists.c.o.d -o CMakeFiles/cmTC_2a677.dir/CheckSymbolExists.c.o -c /home/xm/Graduation/llvm-project/mlir/build/CMakeFiles/CMakeTmp/CheckSymbolExists.c
/home/xm/Graduation/llvm-project/mlir/build/CMakeFiles/CMakeTmp/CheckSymbolExists.c:2:10: fatal error: 'malloc/malloc.h' file not found
#include <malloc/malloc.h>
         ^~~~~~~~~~~~~~~~~
1 error generated.
ninja: build stopped: subcommand failed.


File /home/xm/Graduation/llvm-project/mlir/build/CMakeFiles/CMakeTmp/CheckSymbolExists.c:
/* */
#include <malloc/malloc.h>

int main(int argc, char** argv)
{
  (void)argv;
#ifndef malloc_zone_statistics
  return ((int*)(&malloc_zone_statistics))[argc];
#else
  (void)argc;
  return 0;
#endif
}
Determining if the strerror_s exist failed with the following output:
Change Dir: /home/xm/Graduation/llvm-project/mlir/build/CMakeFiles/CMakeTmp

Run Build Command(s):/usr/bin/ninja cmTC_dde54 && [1/2] Building C object CMakeFiles/cmTC_dde54.dir/CheckSymbolExists.c.o
FAILED: CMakeFiles/cmTC_dde54.dir/CheckSymbolExists.c.o 
/usr/bin/clang -D_GNU_SOURCE  -Werror=unguarded-availability-new -O3 -DNDEBUG -MD -MT CMakeFiles/cmTC_dde54.dir/CheckSymbolExists.c.o -MF CMakeFiles/cmTC_dde54.dir/CheckSymbolExists.c.o.d -o CMakeFiles/cmTC_dde54.dir/CheckSymbolExists.c.o -c /home/xm/Graduation/llvm-project/mlir/build/CMakeFiles/CMakeTmp/CheckSymbolExists.c
/home/xm/Graduation/llvm-project/mlir/build/CMakeFiles/CMakeTmp/CheckSymbolExists.c:8:19: error: use of undeclared identifier 'strerror_s'
  return ((int*)(&strerror_s))[argc];
                  ^
1 error generated.
ninja: build stopped: subcommand failed.


File /home/xm/Graduation/llvm-project/mlir/build/CMakeFiles/CMakeTmp/CheckSymbolExists.c:
/* */
#include <string.h>

int main(int argc, char** argv)
{
  (void)argv;
#ifndef strerror_s
  return ((int*)(&strerror_s))[argc];
#else
  (void)argc;
  return 0;
#endif
}
Performing C SOURCE FILE Test HAVE_STRUCT_STAT_ST_MTIMESPEC_TV_NSEC failed with the following output:
Change Dir: /home/xm/Graduation/llvm-project/mlir/build/CMakeFiles/CMakeTmp

Run Build Command(s):/usr/bin/ninja cmTC_436af && [1/2] Building C object CMakeFiles/cmTC_436af.dir/src.c.o
FAILED: CMakeFiles/cmTC_436af.dir/src.c.o 
/usr/bin/clang -DHAVE_STRUCT_STAT_ST_MTIMESPEC_TV_NSEC -D_GNU_SOURCE  -Werror=unguarded-availability-new -O3 -DNDEBUG -MD -MT CMakeFiles/cmTC_436af.dir/src.c.o -MF CMakeFiles/cmTC_436af.dir/src.c.o.d -o CMakeFiles/cmTC_436af.dir/src.c.o -c /home/xm/Graduation/llvm-project/mlir/build/CMakeFiles/CMakeTmp/src.c
/home/xm/Graduation/llvm-project/mlir/build/CMakeFiles/CMakeTmp/src.c:7:36: error: no member named 'st_mtimespec' in 'struct stat'
  (void)sizeof(((struct stat *)0)->st_mtimespec.tv_nsec);
               ~~~~~~~~~~~~~~~~~~  ^
1 error generated.
ninja: build stopped: subcommand failed.


Source file was:

#include <sys/types.h>
#include <sys/stat.h>

int main()
{
  (void)sizeof(((struct stat *)0)->st_mtimespec.tv_nsec);
  return 0;
}

Determining if the pthread_get_name_np exist failed with the following output:
Change Dir: /home/xm/Graduation/llvm-project/mlir/build/CMakeFiles/CMakeTmp

Run Build Command(s):/usr/bin/ninja cmTC_4e2e8 && [1/2] Building C object CMakeFiles/cmTC_4e2e8.dir/CheckSymbolExists.c.o
FAILED: CMakeFiles/cmTC_4e2e8.dir/CheckSymbolExists.c.o 
/usr/bin/clang -D_GNU_SOURCE  -Werror=unguarded-availability-new -O3 -DNDEBUG -MD -MT CMakeFiles/cmTC_4e2e8.dir/CheckSymbolExists.c.o -MF CMakeFiles/cmTC_4e2e8.dir/CheckSymbolExists.c.o.d -o CMakeFiles/cmTC_4e2e8.dir/CheckSymbolExists.c.o -c /home/xm/Graduation/llvm-project/mlir/build/CMakeFiles/CMakeTmp/CheckSymbolExists.c
/home/xm/Graduation/llvm-project/mlir/build/CMakeFiles/CMakeTmp/CheckSymbolExists.c:3:10: fatal error: 'pthread_np.h' file not found
#include <pthread_np.h>
         ^~~~~~~~~~~~~~
1 error generated.
ninja: build stopped: subcommand failed.


File /home/xm/Graduation/llvm-project/mlir/build/CMakeFiles/CMakeTmp/CheckSymbolExists.c:
/* */
#include <pthread.h>
#include <pthread_np.h>

int main(int argc, char** argv)
{
  (void)argv;
#ifndef pthread_get_name_np
  return ((int*)(&pthread_get_name_np))[argc];
#else
  (void)argc;
  return 0;
#endif
}
Determining if the pthread_set_name_np exist failed with the following output:
Change Dir: /home/xm/Graduation/llvm-project/mlir/build/CMakeFiles/CMakeTmp

Run Build Command(s):/usr/bin/ninja cmTC_df338 && [1/2] Building C object CMakeFiles/cmTC_df338.dir/CheckSymbolExists.c.o
FAILED: CMakeFiles/cmTC_df338.dir/CheckSymbolExists.c.o 
/usr/bin/clang -D_GNU_SOURCE  -Werror=unguarded-availability-new -O3 -DNDEBUG -MD -MT CMakeFiles/cmTC_df338.dir/CheckSymbolExists.c.o -MF CMakeFiles/cmTC_df338.dir/CheckSymbolExists.c.o.d -o CMakeFiles/cmTC_df338.dir/CheckSymbolExists.c.o -c /home/xm/Graduation/llvm-project/mlir/build/CMakeFiles/CMakeTmp/CheckSymbolExists.c
/home/xm/Graduation/llvm-project/mlir/build/CMakeFiles/CMakeTmp/CheckSymbolExists.c:3:10: fatal error: 'pthread_np.h' file not found
#include <pthread_np.h>
         ^~~~~~~~~~~~~~
1 error generated.
ninja: build stopped: subcommand failed.


File /home/xm/Graduation/llvm-project/mlir/build/CMakeFiles/CMakeTmp/CheckSymbolExists.c:
/* */
#include <pthread.h>
#include <pthread_np.h>

int main(int argc, char** argv)
{
  (void)argv;
#ifndef pthread_set_name_np
  return ((int*)(&pthread_set_name_np))[argc];
#else
  (void)argc;
  return 0;
#endif
}
Determining if the proc_pid_rusage exist failed with the following output:
Change Dir: /home/xm/Graduation/llvm-project/mlir/build/CMakeFiles/CMakeTmp

Run Build Command(s):/usr/bin/ninja cmTC_c12f9 && [1/2] Building C object CMakeFiles/cmTC_c12f9.dir/CheckSymbolExists.c.o
FAILED: CMakeFiles/cmTC_c12f9.dir/CheckSymbolExists.c.o 
/usr/bin/clang -D_GNU_SOURCE  -Werror=unguarded-availability-new -O3 -DNDEBUG -MD -MT CMakeFiles/cmTC_c12f9.dir/CheckSymbolExists.c.o -MF CMakeFiles/cmTC_c12f9.dir/CheckSymbolExists.c.o.d -o CMakeFiles/cmTC_c12f9.dir/CheckSymbolExists.c.o -c /home/xm/Graduation/llvm-project/mlir/build/CMakeFiles/CMakeTmp/CheckSymbolExists.c
/home/xm/Graduation/llvm-project/mlir/build/CMakeFiles/CMakeTmp/CheckSymbolExists.c:2:10: fatal error: 'libproc.h' file not found
#include <libproc.h>
         ^~~~~~~~~~~
1 error generated.
ninja: build stopped: subcommand failed.


File /home/xm/Graduation/llvm-project/mlir/build/CMakeFiles/CMakeTmp/CheckSymbolExists.c:
/* */
#include <libproc.h>

int main(int argc, char** argv)
{
  (void)argv;
#ifndef proc_pid_rusage
  return ((int*)(&proc_pid_rusage))[argc];
#else
  (void)argc;
  return 0;
#endif
}
Determining if the os_signpost_interval_begin exist failed with the following output:
Change Dir: /home/xm/Graduation/llvm-project/mlir/build/CMakeFiles/CMakeTmp

Run Build Command(s):/usr/bin/ninja cmTC_7a91b && [1/2] Building C object CMakeFiles/cmTC_7a91b.dir/CheckSymbolExists.c.o
FAILED: CMakeFiles/cmTC_7a91b.dir/CheckSymbolExists.c.o 
/usr/bin/clang -D_GNU_SOURCE  -fPIC -fno-semantic-interposition  -Wall -Wextra -Wno-unused-parameter -Wwrite-strings -Wcast-qual -Wmissing-field-initializers -pedantic -Wno-long-long -Wc++98-compat-extra-semi -Wimplicit-fallthrough -Wcovered-switch-default -Wstring-conversion -Wmisleading-indentation -Wctad-maybe-unsupported -fdiagnostics-color -ffunction-sections -fdata-sections  -Werror=unguarded-availability-new -O3 -DNDEBUG -MD -MT CMakeFiles/cmTC_7a91b.dir/CheckSymbolExists.c.o -MF CMakeFiles/cmTC_7a91b.dir/CheckSymbolExists.c.o.d -o CMakeFiles/cmTC_7a91b.dir/CheckSymbolExists.c.o -c /home/xm/Graduation/llvm-project/mlir/build/CMakeFiles/CMakeTmp/CheckSymbolExists.c
/home/xm/Graduation/llvm-project/mlir/build/CMakeFiles/CMakeTmp/CheckSymbolExists.c:2:10: fatal error: 'os/signpost.h' file not found
#include <os/signpost.h>
         ^~~~~~~~~~~~~~~
1 error generated.
ninja: build stopped: subcommand failed.


File /home/xm/Graduation/llvm-project/mlir/build/CMakeFiles/CMakeTmp/CheckSymbolExists.c:
/* */
#include <os/signpost.h>

int main(int argc, char** argv)
{
  (void)argv;
#ifndef os_signpost_interval_begin
  return ((int*)(&os_signpost_interval_begin))[argc];
#else
  (void)argc;
  return 0;
#endif
}
Determining if the logf128 exist failed with the following output:
Change Dir: /home/xm/Graduation/llvm-project/mlir/build/CMakeFiles/CMakeTmp

Run Build Command(s):/usr/bin/ninja cmTC_3c9f9 && [1/2] Building CXX object CMakeFiles/cmTC_3c9f9.dir/CheckSymbolExists.cxx.o
FAILED: CMakeFiles/cmTC_3c9f9.dir/CheckSymbolExists.cxx.o 
/usr/bin/clang++ -D_GNU_SOURCE  -fPIC -fno-semantic-interposition -fvisibility-inlines-hidden -Werror=date-time -Werror=unguarded-availability-new -Wall -Wextra -Wno-unused-parameter -Wwrite-strings -Wcast-qual -Wmissing-field-initializers -pedantic -Wno-long-long -Wc++98-compat-extra-semi -Wimplicit-fallthrough -Wcovered-switch-default -Wno-noexcept-type -Wnon-virtual-dtor -Wdelete-non-virtual-dtor -Wsuggest-override -Wstring-conversion -Wmisleading-indentation -Wctad-maybe-unsupported -fdiagnostics-color -ffunction-sections -fdata-sections  -Werror=unguarded-availability-new -O3 -DNDEBUG -std=c++17 -MD -MT CMakeFiles/cmTC_3c9f9.dir/CheckSymbolExists.cxx.o -MF CMakeFiles/cmTC_3c9f9.dir/CheckSymbolExists.cxx.o.d -o CMakeFiles/cmTC_3c9f9.dir/CheckSymbolExists.cxx.o -c /home/xm/Graduation/llvm-project/mlir/build/CMakeFiles/CMakeTmp/CheckSymbolExists.cxx
/home/xm/Graduation/llvm-project/mlir/build/CMakeFiles/CMakeTmp/CheckSymbolExists.cxx:8:19: error: use of undeclared identifier 'logf128'
  return ((int*)(&logf128))[argc];
                  ^
1 error generated.
ninja: build stopped: subcommand failed.


File /home/xm/Graduation/llvm-project/mlir/build/CMakeFiles/CMakeTmp/CheckSymbolExists.cxx:
/* */
#include <math.h>

int main(int argc, char** argv)
{
  (void)argv;
#ifndef logf128
  return ((int*)(&logf128))[argc];
#else
  (void)argc;
  return 0;
#endif
}
Performing C++ SOURCE FILE Test HAVE_CXX_FLAG_WD654 failed with the following output:
Change Dir: /home/xm/Graduation/llvm-project/mlir/build/CMakeFiles/CMakeTmp

Run Build Command(s):/usr/bin/ninja cmTC_ae507 && [1/2] Building CXX object CMakeFiles/cmTC_ae507.dir/src.cxx.o
FAILED: CMakeFiles/cmTC_ae507.dir/src.cxx.o 
/usr/bin/clang++ -DHAVE_CXX_FLAG_WD654  -fPIC -fno-semantic-interposition -fvisibility-inlines-hidden -Werror=date-time -Werror=unguarded-availability-new -Wall -Wextra -Wno-unused-parameter -Wwrite-strings -Wcast-qual -Wmissing-field-initializers -pedantic -Wno-long-long -Wc++98-compat-extra-semi -Wimplicit-fallthrough -Wcovered-switch-default -Wno-noexcept-type -Wnon-virtual-dtor -Wdelete-non-virtual-dtor -Wsuggest-override -Wstring-conversion -Wmisleading-indentation -Wctad-maybe-unsupported -fdiagnostics-color -ffunction-sections -fdata-sections  -Wall  -Wextra  -Wshadow  -Wfloat-equal  -Wold-style-cast  -Wsuggest-override  -pedantic  -pedantic-errors  -Wshorten-64-to-32  -fstrict-aliasing  -Wno-deprecated-declarations  -fno-exceptions  -Wstrict-aliasing  -Werror=unguarded-availability-new -wd654 -O3 -DNDEBUG   -wd654 -std=c++11 -MD -MT CMakeFiles/cmTC_ae507.dir/src.cxx.o -MF CMakeFiles/cmTC_ae507.dir/src.cxx.o.d -o CMakeFiles/cmTC_ae507.dir/src.cxx.o -c /home/xm/Graduation/llvm-project/mlir/build/CMakeFiles/CMakeTmp/src.cxx
clang: error: unknown argument: '-wd654'
clang: error: unknown argument: '-wd654'
ninja: build stopped: subcommand failed.


Source file was:
int main() { return 0; }
